sniffing on eth0
got a packet
###[ Ethernet ]### 
  dst       = 08:00:00:00:02:02
  src       = 08:00:00:00:02:00
  type      = IPv4
###[ IP ]### 
     version   = 4
     ihl       = 5
     tos       = 0x1
     len       = 48
     id        = 1
     flags     = 
     frag      = 0
     ttl       = 62
     proto     = 134
     chksum    = 0x6544
     src       = 10.0.1.1
     dst       = 10.0.2.2
     \options   \
###[ INT ]### 
        sid_1     = 1
        sid_2     = 2
        qdepth_1  = 0
        qdepth_2  = 0
###[ UDP ]### 
           sport     = 1234
           dport     = 4321
           len       = 18
           chksum    = 0x0
###[ Raw ]### 
              load      = 'P4 is cool'

got a packet
###[ Ethernet ]### 
  dst       = 08:00:00:00:02:02
  src       = 08:00:00:00:02:00
  type      = IPv4
###[ IP ]### 
     version   = 4
     ihl       = 5
     tos       = 0x1
     len       = 48
     id        = 1
     flags     = 
     frag      = 0
     ttl       = 62
     proto     = 134
     chksum    = 0x6544
     src       = 10.0.1.1
     dst       = 10.0.2.2
     \options   \
###[ INT ]### 
        sid_1     = 1
        sid_2     = 2
        qdepth_1  = 0
        qdepth_2  = 0
###[ UDP ]### 
           sport     = 1234
           dport     = 4321
           len       = 18
           chksum    = 0x0
###[ Raw ]### 
              load      = 'P4 is cool'

got a packet
###[ Ethernet ]### 
  dst       = 08:00:00:00:02:02
  src       = 08:00:00:00:02:00
  type      = IPv4
###[ IP ]### 
     version   = 4
     ihl       = 5
     tos       = 0x1
     len       = 48
     id        = 1
     flags     = 
     frag      = 0
     ttl       = 62
     proto     = 134
     chksum    = 0x6544
     src       = 10.0.1.1
     dst       = 10.0.2.2
     \options   \
###[ INT ]### 
        sid_1     = 1
        sid_2     = 2
        qdepth_1  = 0
        qdepth_2  = 0
###[ UDP ]### 
           sport     = 1234
           dport     = 4321
           len       = 18
           chksum    = 0x0
###[ Raw ]### 
              load      = 'P4 is cool'

got a packet
###[ Ethernet ]### 
  dst       = 08:00:00:00:02:02
  src       = 08:00:00:00:02:00
  type      = IPv4
###[ IP ]### 
     version   = 4
     ihl       = 5
     tos       = 0x1
     len       = 48
     id        = 1
     flags     = 
     frag      = 0
     ttl       = 62
     proto     = 134
     chksum    = 0x6544
     src       = 10.0.1.1
     dst       = 10.0.2.2
     \options   \
###[ INT ]### 
        sid_1     = 1
        sid_2     = 2
        qdepth_1  = 1
        qdepth_2  = 0
###[ UDP ]### 
           sport     = 1234
           dport     = 4321
           len       = 18
           chksum    = 0x0
###[ Raw ]### 
              load      = 'P4 is cool'

got a packet
###[ Ethernet ]### 
  dst       = 08:00:00:00:02:02
  src       = 08:00:00:00:02:00
  type      = IPv4
###[ IP ]### 
     version   = 4
     ihl       = 5
     tos       = 0x1
     len       = 48
     id        = 1
     flags     = 
     frag      = 0
     ttl       = 62
     proto     = 134
     chksum    = 0x6544
     src       = 10.0.1.1
     dst       = 10.0.2.2
     \options   \
###[ INT ]### 
        sid_1     = 1
        sid_2     = 2
        qdepth_1  = 0
        qdepth_2  = 0
###[ UDP ]### 
           sport     = 1234
           dport     = 4321
           len       = 18
           chksum    = 0x0
###[ Raw ]### 
              load      = 'P4 is cool'

got a packet
###[ Ethernet ]### 
  dst       = 08:00:00:00:02:02
  src       = 08:00:00:00:02:00
  type      = IPv4
###[ IP ]### 
     version   = 4
     ihl       = 5
     tos       = 0x1
     len       = 48
     id        = 1
     flags     = 
     frag      = 0
     ttl       = 62
     proto     = 134
     chksum    = 0x6544
     src       = 10.0.1.1
     dst       = 10.0.2.2
     \options   \
###[ INT ]### 
        sid_1     = 1
        sid_2     = 2
        qdepth_1  = 0
        qdepth_2  = 0
###[ UDP ]### 
           sport     = 1234
           dport     = 4321
           len       = 18
           chksum    = 0x0
###[ Raw ]### 
              load      = 'P4 is cool'

got a packet
###[ Ethernet ]### 
  dst       = 08:00:00:00:02:02
  src       = 08:00:00:00:02:00
  type      = IPv4
###[ IP ]### 
     version   = 4
     ihl       = 5
     tos       = 0x1
     len       = 48
     id        = 1
     flags     = 
     frag      = 0
     ttl       = 62
     proto     = 134
     chksum    = 0x6544
     src       = 10.0.1.1
     dst       = 10.0.2.2
     \options   \
###[ INT ]### 
        sid_1     = 1
        sid_2     = 2
        qdepth_1  = 5
        qdepth_2  = 0
###[ UDP ]### 
           sport     = 1234
           dport     = 4321
           len       = 18
           chksum    = 0x0
###[ Raw ]### 
              load      = 'P4 is cool'

got a packet
###[ Ethernet ]### 
  dst       = 08:00:00:00:02:02
  src       = 08:00:00:00:02:00
  type      = IPv4
###[ IP ]### 
     version   = 4
     ihl       = 5
     tos       = 0x3
     len       = 48
     id        = 1
     flags     = 
     frag      = 0
     ttl       = 62
     proto     = 134
     chksum    = 0x6542
     src       = 10.0.1.1
     dst       = 10.0.2.2
     \options   \
###[ INT ]### 
        sid_1     = 1
        sid_2     = 2
        qdepth_1  = 55
        qdepth_2  = 0
###[ UDP ]### 
           sport     = 1234
           dport     = 4321
           len       = 18
           chksum    = 0x0
###[ Raw ]### 
              load      = 'P4 is cool'

got a packet
###[ Ethernet ]### 
  dst       = 08:00:00:00:02:02
  src       = 08:00:00:00:02:00
  type      = IPv4
###[ IP ]### 
     version   = 4
     ihl       = 5
     tos       = 0x3
     len       = 48
     id        = 1
     flags     = 
     frag      = 0
     ttl       = 62
     proto     = 134
     chksum    = 0x6542
     src       = 10.0.1.1
     dst       = 10.0.2.2
     \options   \
###[ INT ]### 
        sid_1     = 1
        sid_2     = 2
        qdepth_1  = 46
        qdepth_2  = 0
###[ UDP ]### 
           sport     = 1234
           dport     = 4321
           len       = 18
           chksum    = 0x0
###[ Raw ]### 
              load      = 'P4 is cool'

got a packet
###[ Ethernet ]### 
  dst       = 08:00:00:00:02:02
  src       = 08:00:00:00:02:00
  type      = IPv4
###[ IP ]### 
     version   = 4
     ihl       = 5
     tos       = 0x3
     len       = 48
     id        = 1
     flags     = 
     frag      = 0
     ttl       = 62
     proto     = 134
     chksum    = 0x6542
     src       = 10.0.1.1
     dst       = 10.0.2.2
     \options   \
###[ INT ]### 
        sid_1     = 1
        sid_2     = 2
        qdepth_1  = 46
        qdepth_2  = 0
###[ UDP ]### 
           sport     = 1234
           dport     = 4321
           len       = 18
           chksum    = 0x0
###[ Raw ]### 
              load      = 'P4 is cool'

got a packet
###[ Ethernet ]### 
  dst       = 08:00:00:00:02:02
  src       = 08:00:00:00:02:00
  type      = IPv4
###[ IP ]### 
     version   = 4
     ihl       = 5
     tos       = 0x3
     len       = 48
     id        = 1
     flags     = 
     frag      = 0
     ttl       = 62
     proto     = 134
     chksum    = 0x6542
     src       = 10.0.1.1
     dst       = 10.0.2.2
     \options   \
###[ INT ]### 
        sid_1     = 1
        sid_2     = 2
        qdepth_1  = 30
        qdepth_2  = 0
###[ UDP ]### 
           sport     = 1234
           dport     = 4321
           len       = 18
           chksum    = 0x0
###[ Raw ]### 
              load      = 'P4 is cool'

got a packet
###[ Ethernet ]### 
  dst       = 08:00:00:00:02:02
  src       = 08:00:00:00:02:00
  type      = IPv4
###[ IP ]### 
     version   = 4
     ihl       = 5
     tos       = 0x3
     len       = 48
     id        = 1
     flags     = 
     frag      = 0
     ttl       = 62
     proto     = 134
     chksum    = 0x6542
     src       = 10.0.1.1
     dst       = 10.0.2.2
     \options   \
###[ INT ]### 
        sid_1     = 1
        sid_2     = 2
        qdepth_1  = 32
        qdepth_2  = 0
###[ UDP ]### 
           sport     = 1234
           dport     = 4321
           len       = 18
           chksum    = 0x0
###[ Raw ]### 
              load      = 'P4 is cool'

got a packet
###[ Ethernet ]### 
  dst       = 08:00:00:00:02:02
  src       = 08:00:00:00:02:00
  type      = IPv4
###[ IP ]### 
     version   = 4
     ihl       = 5
     tos       = 0x3
     len       = 48
     id        = 1
     flags     = 
     frag      = 0
     ttl       = 62
     proto     = 134
     chksum    = 0x6542
     src       = 10.0.1.1
     dst       = 10.0.2.2
     \options   \
###[ INT ]### 
        sid_1     = 1
        sid_2     = 2
        qdepth_1  = 20
        qdepth_2  = 0
###[ UDP ]### 
           sport     = 1234
           dport     = 4321
           len       = 18
           chksum    = 0x0
###[ Raw ]### 
              load      = 'P4 is cool'

got a packet
###[ Ethernet ]### 
  dst       = 08:00:00:00:02:02
  src       = 08:00:00:00:02:00
  type      = IPv4
###[ IP ]### 
     version   = 4
     ihl       = 5
     tos       = 0x3
     len       = 48
     id        = 1
     flags     = 
     frag      = 0
     ttl       = 62
     proto     = 134
     chksum    = 0x6542
     src       = 10.0.1.1
     dst       = 10.0.2.2
     \options   \
###[ INT ]### 
        sid_1     = 1
        sid_2     = 2
        qdepth_1  = 33
        qdepth_2  = 0
###[ UDP ]### 
           sport     = 1234
           dport     = 4321
           len       = 18
           chksum    = 0x0
###[ Raw ]### 
              load      = 'P4 is cool'

got a packet
###[ Ethernet ]### 
  dst       = 08:00:00:00:02:02
  src       = 08:00:00:00:02:00
  type      = IPv4
###[ IP ]### 
     version   = 4
     ihl       = 5
     tos       = 0x3
     len       = 48
     id        = 1
     flags     = 
     frag      = 0
     ttl       = 62
     proto     = 134
     chksum    = 0x6542
     src       = 10.0.1.1
     dst       = 10.0.2.2
     \options   \
###[ INT ]### 
        sid_1     = 1
        sid_2     = 2
        qdepth_1  = 28
        qdepth_2  = 0
###[ UDP ]### 
           sport     = 1234
           dport     = 4321
           len       = 18
           chksum    = 0x0
###[ Raw ]### 
              load      = 'P4 is cool'

got a packet
###[ Ethernet ]### 
  dst       = 08:00:00:00:02:02
  src       = 08:00:00:00:02:00
  type      = IPv4
###[ IP ]### 
     version   = 4
     ihl       = 5
     tos       = 0x3
     len       = 48
     id        = 1
     flags     = 
     frag      = 0
     ttl       = 62
     proto     = 134
     chksum    = 0x6542
     src       = 10.0.1.1
     dst       = 10.0.2.2
     \options   \
###[ INT ]### 
        sid_1     = 1
        sid_2     = 2
        qdepth_1  = 16
        qdepth_2  = 0
###[ UDP ]### 
           sport     = 1234
           dport     = 4321
           len       = 18
           chksum    = 0x0
###[ Raw ]### 
              load      = 'P4 is cool'

got a packet
###[ Ethernet ]### 
  dst       = 08:00:00:00:02:02
  src       = 08:00:00:00:02:00
  type      = IPv4
###[ IP ]### 
     version   = 4
     ihl       = 5
     tos       = 0x1
     len       = 48
     id        = 1
     flags     = 
     frag      = 0
     ttl       = 62
     proto     = 134
     chksum    = 0x6544
     src       = 10.0.1.1
     dst       = 10.0.2.2
     \options   \
###[ INT ]### 
        sid_1     = 1
        sid_2     = 2
        qdepth_1  = 0
        qdepth_2  = 0
###[ UDP ]### 
           sport     = 1234
           dport     = 4321
           len       = 18
           chksum    = 0x0
###[ Raw ]### 
              load      = 'P4 is cool'

got a packet
###[ Ethernet ]### 
  dst       = 08:00:00:00:02:02
  src       = 08:00:00:00:02:00
  type      = IPv4
###[ IP ]### 
     version   = 4
     ihl       = 5
     tos       = 0x1
     len       = 48
     id        = 1
     flags     = 
     frag      = 0
     ttl       = 62
     proto     = 134
     chksum    = 0x6544
     src       = 10.0.1.1
     dst       = 10.0.2.2
     \options   \
###[ INT ]### 
        sid_1     = 1
        sid_2     = 2
        qdepth_1  = 0
        qdepth_2  = 0
###[ UDP ]### 
           sport     = 1234
           dport     = 4321
           len       = 18
           chksum    = 0x0
###[ Raw ]### 
              load      = 'P4 is cool'

got a packet
###[ Ethernet ]### 
  dst       = 08:00:00:00:02:02
  src       = 08:00:00:00:02:00
  type      = IPv4
###[ IP ]### 
     version   = 4
     ihl       = 5
     tos       = 0x1
     len       = 48
     id        = 1
     flags     = 
     frag      = 0
     ttl       = 62
     proto     = 134
     chksum    = 0x6544
     src       = 10.0.1.1
     dst       = 10.0.2.2
     \options   \
###[ INT ]### 
        sid_1     = 1
        sid_2     = 2
        qdepth_1  = 0
        qdepth_2  = 0
###[ UDP ]### 
           sport     = 1234
           dport     = 4321
           len       = 18
           chksum    = 0x0
###[ Raw ]### 
              load      = 'P4 is cool'

got a packet
###[ Ethernet ]### 
  dst       = 08:00:00:00:02:02
  src       = 08:00:00:00:02:00
  type      = IPv4
###[ IP ]### 
     version   = 4
     ihl       = 5
     tos       = 0x1
     len       = 48
     id        = 1
     flags     = 
     frag      = 0
     ttl       = 62
     proto     = 134
     chksum    = 0x6544
     src       = 10.0.1.1
     dst       = 10.0.2.2
     \options   \
###[ INT ]### 
        sid_1     = 1
        sid_2     = 2
        qdepth_1  = 0
        qdepth_2  = 0
###[ UDP ]### 
           sport     = 1234
           dport     = 4321
           len       = 18
           chksum    = 0x0
###[ Raw ]### 
              load      = 'P4 is cool'

got a packet
###[ Ethernet ]### 
  dst       = 08:00:00:00:02:02
  src       = 08:00:00:00:02:00
  type      = IPv4
###[ IP ]### 
     version   = 4
     ihl       = 5
     tos       = 0x1
     len       = 48
     id        = 1
     flags     = 
     frag      = 0
     ttl       = 62
     proto     = 134
     chksum    = 0x6544
     src       = 10.0.1.1
     dst       = 10.0.2.2
     \options   \
###[ INT ]### 
        sid_1     = 1
        sid_2     = 2
        qdepth_1  = 0
        qdepth_2  = 0
###[ UDP ]### 
           sport     = 1234
           dport     = 4321
           len       = 18
           chksum    = 0x0
###[ Raw ]### 
              load      = 'P4 is cool'

got a packet
###[ Ethernet ]### 
  dst       = 08:00:00:00:02:02
  src       = 08:00:00:00:02:00
  type      = IPv4
###[ IP ]### 
     version   = 4
     ihl       = 5
     tos       = 0x1
     len       = 48
     id        = 1
     flags     = 
     frag      = 0
     ttl       = 62
     proto     = 134
     chksum    = 0x6544
     src       = 10.0.1.1
     dst       = 10.0.2.2
     \options   \
###[ INT ]### 
        sid_1     = 1
        sid_2     = 2
        qdepth_1  = 0
        qdepth_2  = 0
###[ UDP ]### 
           sport     = 1234
           dport     = 4321
           len       = 18
           chksum    = 0x0
###[ Raw ]### 
              load      = 'P4 is cool'

got a packet
###[ Ethernet ]### 
  dst       = 08:00:00:00:02:02
  src       = 08:00:00:00:02:00
  type      = IPv4
###[ IP ]### 
     version   = 4
     ihl       = 5
     tos       = 0x1
     len       = 48
     id        = 1
     flags     = 
     frag      = 0
     ttl       = 62
     proto     = 134
     chksum    = 0x6544
     src       = 10.0.1.1
     dst       = 10.0.2.2
     \options   \
###[ INT ]### 
        sid_1     = 1
        sid_2     = 2
        qdepth_1  = 0
        qdepth_2  = 0
###[ UDP ]### 
           sport     = 1234
           dport     = 4321
           len       = 18
           chksum    = 0x0
###[ Raw ]### 
              load      = 'P4 is cool'

got a packet
###[ Ethernet ]### 
  dst       = 08:00:00:00:02:02
  src       = 08:00:00:00:02:00
  type      = IPv4
###[ IP ]### 
     version   = 4
     ihl       = 5
     tos       = 0x1
     len       = 48
     id        = 1
     flags     = 
     frag      = 0
     ttl       = 62
     proto     = 134
     chksum    = 0x6544
     src       = 10.0.1.1
     dst       = 10.0.2.2
     \options   \
###[ INT ]### 
        sid_1     = 1
        sid_2     = 2
        qdepth_1  = 0
        qdepth_2  = 0
###[ UDP ]### 
           sport     = 1234
           dport     = 4321
           len       = 18
           chksum    = 0x0
###[ Raw ]### 
              load      = 'P4 is cool'

got a packet
###[ Ethernet ]### 
  dst       = 08:00:00:00:02:02
  src       = 08:00:00:00:02:00
  type      = IPv4
###[ IP ]### 
     version   = 4
     ihl       = 5
     tos       = 0x1
     len       = 48
     id        = 1
     flags     = 
     frag      = 0
     ttl       = 62
     proto     = 134
     chksum    = 0x6544
     src       = 10.0.1.1
     dst       = 10.0.2.2
     \options   \
###[ INT ]### 
        sid_1     = 1
        sid_2     = 2
        qdepth_1  = 0
        qdepth_2  = 0
###[ UDP ]### 
           sport     = 1234
           dport     = 4321
           len       = 18
           chksum    = 0x0
###[ Raw ]### 
              load      = 'P4 is cool'

got a packet
###[ Ethernet ]### 
  dst       = 08:00:00:00:02:02
  src       = 08:00:00:00:02:00
  type      = IPv4
###[ IP ]### 
     version   = 4
     ihl       = 5
     tos       = 0x1
     len       = 48
     id        = 1
     flags     = 
     frag      = 0
     ttl       = 62
     proto     = 134
     chksum    = 0x6544
     src       = 10.0.1.1
     dst       = 10.0.2.2
     \options   \
###[ INT ]### 
        sid_1     = 1
        sid_2     = 2
        qdepth_1  = 0
        qdepth_2  = 0
###[ UDP ]### 
           sport     = 1234
           dport     = 4321
           len       = 18
           chksum    = 0x0
###[ Raw ]### 
              load      = 'P4 is cool'

got a packet
###[ Ethernet ]### 
  dst       = 08:00:00:00:02:02
  src       = 08:00:00:00:02:00
  type      = IPv4
###[ IP ]### 
     version   = 4
     ihl       = 5
     tos       = 0x1
     len       = 48
     id        = 1
     flags     = 
     frag      = 0
     ttl       = 62
     proto     = 134
     chksum    = 0x6544
     src       = 10.0.1.1
     dst       = 10.0.2.2
     \options   \
###[ INT ]### 
        sid_1     = 1
        sid_2     = 2
        qdepth_1  = 0
        qdepth_2  = 0
###[ UDP ]### 
           sport     = 1234
           dport     = 4321
           len       = 18
           chksum    = 0x0
###[ Raw ]### 
              load      = 'P4 is cool'

got a packet
###[ Ethernet ]### 
  dst       = 08:00:00:00:02:02
  src       = 08:00:00:00:02:00
  type      = IPv4
###[ IP ]### 
     version   = 4
     ihl       = 5
     tos       = 0x1
     len       = 48
     id        = 1
     flags     = 
     frag      = 0
     ttl       = 62
     proto     = 134
     chksum    = 0x6544
     src       = 10.0.1.1
     dst       = 10.0.2.2
     \options   \
###[ INT ]### 
        sid_1     = 1
        sid_2     = 2
        qdepth_1  = 0
        qdepth_2  = 0
###[ UDP ]### 
           sport     = 1234
           dport     = 4321
           len       = 18
           chksum    = 0x0
###[ Raw ]### 
              load      = 'P4 is cool'

